\BOOKMARK [0][-]{chapter.1}{Introduction}{}% 1
\BOOKMARK [1][-]{section.1.1}{Motivation}{chapter.1}% 2
\BOOKMARK [1][-]{section.1.2}{Goal}{chapter.1}% 3
\BOOKMARK [1][-]{section.1.3}{Thesis structure}{chapter.1}% 4
\BOOKMARK [0][-]{chapter.2}{Related work}{}% 5
\BOOKMARK [1][-]{section.2.1}{Global Feature-Based Methods}{chapter.2}% 6
\BOOKMARK [1][-]{section.2.2}{Local Feature-Based Methods}{chapter.2}% 7
\BOOKMARK [0][-]{chapter.3}{Background}{}% 8
\BOOKMARK [1][-]{section.3.1}{ Mathematical Tools}{chapter.3}% 9
\BOOKMARK [2][-]{subsection.3.1.1}{Rigid Transformations}{section.3.1}% 10
\BOOKMARK [2][-]{subsection.3.1.2}{Rotation Matrices}{section.3.1}% 11
\BOOKMARK [1][-]{section.3.2}{Basics of 3D Computer Vision}{chapter.3}% 12
\BOOKMARK [2][-]{subsection.3.2.1}{ RGB-D sensors}{section.3.2}% 13
\BOOKMARK [2][-]{subsection.3.2.2}{ Camera Pinhole Model}{section.3.2}% 14
\BOOKMARK [2][-]{subsection.3.2.3}{Parameters of camera model}{section.3.2}% 15
\BOOKMARK [2][-]{subsection.3.2.4}{Camera's Intrinsic Parameters}{section.3.2}% 16
\BOOKMARK [2][-]{subsection.3.2.5}{Camera's Extrinsic Parameters}{section.3.2}% 17
\BOOKMARK [1][-]{section.3.3}{Robotic Operating System}{chapter.3}% 18
\BOOKMARK [1][-]{section.3.4}{Open-source Libraries}{chapter.3}% 19
\BOOKMARK [2][-]{subsection.3.4.1}{PCL}{section.3.4}% 20
\BOOKMARK [2][-]{subsection.3.4.2}{Open3D}{section.3.4}% 21
\BOOKMARK [1][-]{section.3.5}{Software tools}{chapter.3}% 22
\BOOKMARK [2][-]{subsection.3.5.1}{CloudCompare}{section.3.5}% 23
\BOOKMARK [2][-]{subsection.3.5.2}{MeshLab}{section.3.5}% 24
\BOOKMARK [2][-]{subsection.3.5.3}{FreeCAD}{section.3.5}% 25
\BOOKMARK [0][-]{chapter.4}{Robot-Camera Calibration}{}% 26
\BOOKMARK [1][-]{section.4.1}{Camera Calibration}{chapter.4}% 27
\BOOKMARK [1][-]{section.4.2}{Sensor internal parameter calibration}{chapter.4}% 28
\BOOKMARK [2][-]{subsection.4.2.1}{Camera Model}{section.4.2}% 29
\BOOKMARK [1][-]{section.4.3}{Eye-to-Hand Calibration}{chapter.4}% 30
\BOOKMARK [2][-]{subsection.4.3.1}{Calibration Targets}{section.4.3}% 31
\BOOKMARK [2][-]{subsection.4.3.2}{Checkerboard Patterns}{section.4.3}% 32
\BOOKMARK [2][-]{subsection.4.3.3}{Augmented Reality \(AR\)}{section.4.3}% 33
\BOOKMARK [2][-]{subsection.4.3.4}{Selection}{section.4.3}% 34
\BOOKMARK [2][-]{subsection.4.3.5}{Pose Estimation Using a Checkerboard Pattern}{section.4.3}% 35
\BOOKMARK [2][-]{subsection.4.3.6}{Coordinate Transformation From Robot Base To Camera Frame}{section.4.3}% 36
\BOOKMARK [0][-]{chapter.5}{A 3D Object Pose Estimation Pipeline}{}% 37
\BOOKMARK [1][-]{section.5.1}{Pose estimation pipeline}{chapter.5}% 38
\BOOKMARK [2][-]{subsection.5.1.1}{Preprocessing stage}{section.5.1}% 39
\BOOKMARK [2][-]{subsection.5.1.2}{Filtering a Point cloud}{section.5.1}% 40
\BOOKMARK [2][-]{subsection.5.1.3}{Extract geometric feature}{section.5.1}% 41
\BOOKMARK [2][-]{subsection.5.1.4}{Searching Strategies}{section.5.1}% 42
\BOOKMARK [2][-]{subsection.5.1.5}{Local refinement}{section.5.1}% 43
\BOOKMARK [0][-]{chapter.6}{Experimental Results}{}% 44
\BOOKMARK [1][-]{section.6.1}{Robot-Camera Calibration on the YuMi Robot}{chapter.6}% 45
\BOOKMARK [2][-]{subsection.6.1.1}{Reprojection Error}{section.6.1}% 46
\BOOKMARK [2][-]{subsection.6.1.2}{Result Analysis}{section.6.1}% 47
\BOOKMARK [2][-]{subsection.6.1.3}{Eye-To-Hand Calibration}{section.6.1}% 48
\BOOKMARK [2][-]{subsection.6.1.4}{Calibration results}{section.6.1}% 49
\BOOKMARK [2][-]{subsection.6.1.5}{Result Analysis}{section.6.1}% 50
\BOOKMARK [1][-]{section.6.2}{Pose Estimation Pipeline}{chapter.6}% 51
\BOOKMARK [2][-]{subsection.6.2.1}{Validation Test}{section.6.2}% 52
\BOOKMARK [2][-]{subsection.6.2.2}{Pose Estimation Results}{section.6.2}% 53
\BOOKMARK [2][-]{subsection.6.2.3}{Result Analysis}{section.6.2}% 54
\BOOKMARK [1][-]{section.6.3}{Testing The RealSense D-415 Camera}{chapter.6}% 55
\BOOKMARK [0][-]{chapter.7}{Conclusions and Future Directions}{}% 56
\BOOKMARK [0][-]{chapter*.14}{Bibliography}{}% 57
\BOOKMARK [0][-]{appendix.A}{List of Notation}{}% 58
\BOOKMARK [0][-]{appendix.B}{Assignment of this thesis}{}% 59
\BOOKMARK [0][-]{appendix.C}{Eye-To-Hand Calibration Results}{}% 60
\BOOKMARK [0][-]{appendix.D}{Intrinsic Parameters: Astra, RealSense D-435 and RealSense D-415}{}% 61
\BOOKMARK [0][-]{appendix.E}{CD contents}{}% 62
